<?xml version="1.0" encoding="UTF-8"?>
<!-- Generated by org.testng.reporters.JUnitReportReporter -->
<testsuite skipped="0" hostname="nilesh" name="com.inetbanking.testcases.TC_AddCustomer_003" tests="1" failures="0" timestamp="24 Mar 2022 12:03:23 GMT" time="23.856" errors="0">
  <testcase name="Addcustomer" time="23.856" classname="com.inetbanking.testcases.TC_AddCustomer_003"/>
</testsuite> <!-- com.inetbanking.testcases.TC_AddCustomer_003 -->
