<?xml version="1.0" encoding="UTF-8"?>
<!-- Generated by org.testng.reporters.JUnitReportReporter -->
<testsuite skipped="0" hostname="nilesh" name="resources.TC_LoginTest_0001" tests="1" failures="0" timestamp="20 Mar 2022 14:40:55 GMT" time="7.375" errors="0">
  <testcase name="login" time="7.375" classname="resources.TC_LoginTest_0001"/>
</testsuite> <!-- resources.TC_LoginTest_0001 -->
