<?xml version="1.0" encoding="UTF-8"?>
<!-- Generated by org.testng.reporters.JUnitReportReporter -->
<testsuite skipped="0" hostname="nilesh" name="com.inetbanking.testcases.TC_LoginTest_0001" tests="1" failures="0" timestamp="25 Mar 2022 05:38:26 GMT" time="3.536" errors="0">
  <testcase name="login" time="3.536" classname="com.inetbanking.testcases.TC_LoginTest_0001"/>
</testsuite> <!-- com.inetbanking.testcases.TC_LoginTest_0001 -->
